<html>
<body>
<pre>
<h1>µVision Build Log</h1>
<h2>Tool Versions:</h2>
IDE-Version: µVision V5.37.0.0
Copyright (C) 2022 ARM Ltd and ARM Germany GmbH. All rights reserved.
License Information: MD Armanuzzaman, University at Buffalo, LIC=W961Z-3VIQK-BQ0RI-B9VEP-8KHDN-E6BA0
 
Tool Versions:
Toolchain:       MDK-ARM Professional  Version: 5.37.0.0
Toolchain Path:  C:\Keil_v5\ARM\ARMCLANG\Bin
C Compiler:      ArmClang.exe V6.18
Assembler:       Armasm.exe V6.18
Linker/Locator:  ArmLink.exe V6.18
Library Manager: ArmAr.exe V6.18
Hex Converter:   FromElf.exe V6.18
CPU DLL:         
Dialog DLL:      
Target DLL:      UL2V8M.DLL V1.7.9.0
Dialog DLL:      TCM.DLL V1.56.1.0
 
<h2>Project:</h2>
C:\Users\dakum\OneDrive\Desktop\projects\pac-cfa\Projects\temp\Test_tz\test_ns\test_ns.uvprojx
Project File Date:  03/22/2023

<h2>Output:</h2>
*** Using Compiler 'V6.18', folder: 'C:\Keil_v5\ARM\ARMCLANG\Bin'
Build target 'Target 1'
compiling main_ns.c...
linking...
.\Objects\test_ns.axf: Error: L6630E: Invalid token start expected number or ( but found n at position 5 on line 5
.\Objects\test_ns.axf: Error: L6629E: Unmatched parentheses expecting ) but found n at position 5 on line 5
.\Objects\test_ns.axf: Error: L6226E: Missing base address for region LR_.
.\Objects\test_ns.sct(5): error: L6292E: Ignoring unknown attribute 'null' specified for region LR_.
.\Objects\test_ns.sct(5): error: L6228E: Expected '{', found ')...'.
.\Objects\test_ns.sct: Error: L6372E: Image needs at least one load region.
Not enough information to list image symbols.
Not enough information to list load addresses in the image map.
Finished: 2 information, 0 warning and 6 error messages.
".\Objects\test_ns.axf" - 6 Error(s), 0 Warning(s).

<h2>Software Packages used:</h2>

Package Vendor: ARM
                http://www.keil.com/pack/ARM.CMSIS.5.9.0.pack
                ARM.CMSIS.5.9.0
                CMSIS (Common Microcontroller Software Interface Standard)
   * Component: I2C Version: 2.4.0
   * Component: Custom Version: 1.0.0
   * Component: CORE Version: 5.6.0

Package Vendor: ARM
                http://www.keil.com/pack/ARM.V2M_MPS3_SSE_310_BSP.1.1.0.pack
                ARM.V2M_MPS3_SSE_310_BSP.1.1.0
                ARM V2M-MPS3 Board Support PACK for CoreLink SSE-310 - TrustZone enabled subsystem for embedded.

Package Vendor: Keil
                https://www.keil.com/pack/Keil.MDK-Middleware.7.15.0.pack
                Keil.MDK-Middleware.7.15.0
                Middleware for Keil MDK-Professional and MDK-Plus
   * Component: ADC Version: 6.16.0

<h2>Collection of Component include folders:</h2>
  ./RTE/USB
  ./RTE/_Target_1
  C:/Users/dakum/AppData/Local/Arm/Packs/ARM/CMSIS/5.9.0/CMSIS/Core/Include
  C:/Users/dakum/AppData/Local/Arm/Packs/ARM/CMSIS/5.9.0/CMSIS/Driver/Include
  C:/Users/dakum/AppData/Local/Arm/Packs/ARM/V2M_MPS3_SSE_310_BSP/1.1.0/Device/Include

<h2>Collection of Component Files used:</h2>

   * Component: ::CMSIS Driver:I2C:2.4.0 (API)
      Include file:  CMSIS/Driver/Include/Driver_I2C.h

   * Component: ARM::CMSIS Driver:I2C:Custom:1.0.0
      Include file:  CMSIS/Driver/Include/Driver_I2C.h
      Source file:   CMSIS/Driver/DriverTemplates/Driver_I2C.c

   * Component: ARM::CMSIS:CORE:5.6.0
      Include file:  CMSIS/Core/Include/tz_context.h

   * Component: Keil.MDK-Plus::USB:Device:ADC:6.16.0
      Source file:   USB/Template/USBD_User_ADC_Audio.c
      Include file:  USB/Config/USBD_Config_ADC.h
Target not created.
Build Time Elapsed:  00:00:00
</pre>
</body>
</html>
